# JRE version: OpenJDK Runtime Environment (8.0_152-b06) (build 1.8.0_152-release-1136-b06)
# Java VM: OpenJDK 64-Bit Server VM (25.152-b06 mixed mode windows-amd64 compressed oops)
Heap:
 PSYoungGen      total 345088K, used 181575K [0x00000000e0000000, 0x00000000f7780000, 0x0000000100000000)
  eden space 318976K, 48% used [0x00000000e0000000,0x00000000e97d3880,0x00000000f3780000)
  from space 26112K, 99% used [0x00000000f5a80000,0x00000000f73fe730,0x00000000f7400000)
  to   space 32768K, 0% used [0x00000000f3780000,0x00000000f3780000,0x00000000f5780000)
 ParOldGen       total 155136K, used 50198K [0x00000000a0000000, 0x00000000a9780000, 0x00000000e0000000)
  object space 155136K, 32% used [0x00000000a0000000,0x00000000a3105830,0x00000000a9780000)
 Metaspace       used 80659K, capacity 84350K, committed 84656K, reserved 1122304K
  class space    used 10579K, capacity 11340K, committed 11440K, reserved 1048576K
GC Heap History (10 events):
Event: 12.491 GC heap before
{Heap before GC invocations=9 (full 2):
 PSYoungGen      total 174080K, used 162304K [0x00000000e0000000, 0x00000000ebb00000, 0x0000000100000000)
  eden space 162304K, 100% used [0x00000000e0000000,0x00000000e9e80000,0x00000000e9e80000)
  from space 11776K, 0% used [0x00000000eaf80000,0x00000000eaf80000,0x00000000ebb00000)
  to   space 14336K, 0% used [0x00000000e9f00000,0x00000000e9f00000,0x00000000ead00000)
 ParOldGen       total 103936K, used 19677K [0x00000000a0000000, 0x00000000a6580000, 0x00000000e0000000)
  object space 103936K, 18% used [0x00000000a0000000,0x00000000a1337698,0x00000000a6580000)
 Metaspace       used 45140K, capacity 46206K, committed 46512K, reserved 1089536K
  class space    used 6180K, capacity 6507K, committed 6576K, reserved 1048576K
Event: 12.506 GC heap after
Heap after GC invocations=9 (full 2):
 PSYoungGen      total 177152K, used 14333K [0x00000000e0000000, 0x00000000f2980000, 0x0000000100000000)
  eden space 162816K, 0% used [0x00000000e0000000,0x00000000e0000000,0x00000000e9f00000)
  from space 14336K, 99% used [0x00000000e9f00000,0x00000000eacff418,0x00000000ead00000)
  to   space 18432K, 0% used [0x00000000f1780000,0x00000000f1780000,0x00000000f2980000)
 ParOldGen       total 103936K, used 24126K [0x00000000a0000000, 0x00000000a6580000, 0x00000000e0000000)
  object space 103936K, 23% used [0x00000000a0000000,0x00000000a178f8e8,0x00000000a6580000)
 Metaspace       used 45140K, capacity 46206K, committed 46512K, reserved 1089536K
  class space    used 6180K, capacity 6507K, committed 6576K, reserved 1048576K
}
Event: 15.986 GC heap before
{Heap before GC invocations=10 (full 2):
 PSYoungGen      total 177152K, used 177149K [0x00000000e0000000, 0x00000000f2980000, 0x0000000100000000)
  eden space 162816K, 100% used [0x00000000e0000000,0x00000000e9f00000,0x00000000e9f00000)
  from space 14336K, 99% used [0x00000000e9f00000,0x00000000eacff418,0x00000000ead00000)
  to   space 18432K, 0% used [0x00000000f1780000,0x00000000f1780000,0x00000000f2980000)
 ParOldGen       total 103936K, used 24126K [0x00000000a0000000, 0x00000000a6580000, 0x00000000e0000000)
  object space 103936K, 23% used [0x00000000a0000000,0x00000000a178f8e8,0x00000000a6580000)
 Metaspace       used 56977K, capacity 59100K, committed 59160K, reserved 1099776K
  class space    used 7807K, capacity 8336K, committed 8368K, reserved 1048576K
Event: 16.070 GC heap after
Heap after GC invocations=10 (full 2):
 PSYoungGen      total 280576K, used 18428K [0x00000000e0000000, 0x00000000f3a00000, 0x0000000100000000)
  eden space 262144K, 0% used [0x00000000e0000000,0x00000000e0000000,0x00000000f0000000)
  from space 18432K, 99% used [0x00000000f1780000,0x00000000f297f358,0x00000000f2980000)
  to   space 24064K, 0% used [0x00000000f0000000,0x00000000f0000000,0x00000000f1780000)
 ParOldGen       total 103936K, used 31907K [0x00000000a0000000, 0x00000000a6580000, 0x00000000e0000000)
  object space 103936K, 30% used [0x00000000a0000000,0x00000000a1f28c50,0x00000000a6580000)
 Metaspace       used 56977K, capacity 59100K, committed 59160K, reserved 1099776K
  class space    used 7807K, capacity 8336K, committed 8368K, reserved 1048576K
}
Event: 16.070 GC heap before
{Heap before GC invocations=11 (full 3):
 PSYoungGen      total 280576K, used 18428K [0x00000000e0000000, 0x00000000f3a00000, 0x0000000100000000)
  eden space 262144K, 0% used [0x00000000e0000000,0x00000000e0000000,0x00000000f0000000)
  from space 18432K, 99% used [0x00000000f1780000,0x00000000f297f358,0x00000000f2980000)
  to   space 24064K, 0% used [0x00000000f0000000,0x00000000f0000000,0x00000000f1780000)
 ParOldGen       total 103936K, used 31907K [0x00000000a0000000, 0x00000000a6580000, 0x00000000e0000000)
  object space 103936K, 30% used [0x00000000a0000000,0x00000000a1f28c50,0x00000000a6580000)
 Metaspace       used 56977K, capacity 59100K, committed 59160K, reserved 1099776K
  class space    used 7807K, capacity 8336K, committed 8368K, reserved 1048576K
Event: 16.327 GC heap after
Heap after GC invocations=11 (full 3):
 PSYoungGen      total 280576K, used 0K [0x00000000e0000000, 0x00000000f3a00000, 0x0000000100000000)
  eden space 262144K, 0% used [0x00000000e0000000,0x00000000e0000000,0x00000000f0000000)
  from space 18432K, 0% used [0x00000000f1780000,0x00000000f1780000,0x00000000f2980000)
  to   space 24064K, 0% used [0x00000000f0000000,0x00000000f0000000,0x00000000f1780000)
 ParOldGen       total 155136K, used 41240K [0x00000000a0000000, 0x00000000a9780000, 0x00000000e0000000)
  object space 155136K, 26% used [0x00000000a0000000,0x00000000a28461d0,0x00000000a9780000)
 Metaspace       used 56977K, capacity 59100K, committed 59160K, reserved 1099776K
  class space    used 7807K, capacity 8336K, committed 8368K, reserved 1048576K
}
Event: 24.970 GC heap before
{Heap before GC invocations=12 (full 3):
 PSYoungGen      total 280576K, used 262144K [0x00000000e0000000, 0x00000000f3a00000, 0x0000000100000000)
  eden space 262144K, 100% used [0x00000000e0000000,0x00000000f0000000,0x00000000f0000000)
  from space 18432K, 0% used [0x00000000f1780000,0x00000000f1780000,0x00000000f2980000)
  to   space 24064K, 0% used [0x00000000f0000000,0x00000000f0000000,0x00000000f1780000)
 ParOldGen       total 155136K, used 41240K [0x00000000a0000000, 0x00000000a9780000, 0x00000000e0000000)
  object space 155136K, 26% used [0x00000000a0000000,0x00000000a28461d0,0x00000000a9780000)
 Metaspace       used 65580K, capacity 67928K, committed 68016K, reserved 1107968K
  class space    used 8771K, capacity 9323K, committed 9392K, reserved 1048576K
Event: 24.986 GC heap after
Heap after GC invocations=12 (full 3):
 PSYoungGen      total 286208K, used 19968K [0x00000000e0000000, 0x00000000f7400000, 0x0000000100000000)
  eden space 262144K, 0% used [0x00000000e0000000,0x00000000e0000000,0x00000000f0000000)
  from space 24064K, 82% used [0x00000000f0000000,0x00000000f1380248,0x00000000f1780000)
  to   space 26112K, 0% used [0x00000000f5a80000,0x00000000f5a80000,0x00000000f7400000)
 ParOldGen       total 155136K, used 41256K [0x00000000a0000000, 0x00000000a9780000, 0x00000000e0000000)
  object space 155136K, 26% used [0x00000000a0000000,0x00000000a284a1d0,0x00000000a9780000)
 Metaspace       used 65580K, capacity 67928K, committed 68016K, reserved 1107968K
  class space    used 8771K, capacity 9323K, committed 9392K, reserved 1048576K
}
Event: 53.080 GC heap before
{Heap before GC invocations=13 (full 3):
 PSYoungGen      total 286208K, used 282112K [0x00000000e0000000, 0x00000000f7400000, 0x0000000100000000)
  eden space 262144K, 100% used [0x00000000e0000000,0x00000000f0000000,0x00000000f0000000)
  from space 24064K, 82% used [0x00000000f0000000,0x00000000f1380248,0x00000000f1780000)
  to   space 26112K, 0% used [0x00000000f5a80000,0x00000000f5a80000,0x00000000f7400000)
 ParOldGen       total 155136K, used 41256K [0x00000000a0000000, 0x00000000a9780000, 0x00000000e0000000)
  object space 155136K, 26% used [0x00000000a0000000,0x00000000a284a1d0,0x00000000a9780000)
 Metaspace       used 80107K, capacity 83676K, committed 83888K, reserved 1122304K
  class space    used 10563K, capacity 11313K, committed 11440K, reserved 1048576K
Event: 53.114 GC heap after
Heap after GC invocations=13 (full 3):
 PSYoungGen      total 345088K, used 26105K [0x00000000e0000000, 0x00000000f7780000, 0x0000000100000000)
  eden space 318976K, 0% used [0x00000000e0000000,0x00000000e0000000,0x00000000f3780000)
  from space 26112K, 99% used [0x00000000f5a80000,0x00000000f73fe730,0x00000000f7400000)
  to   space 32768K, 0% used [0x00000000f3780000,0x00000000f3780000,0x00000000f5780000)
 ParOldGen       total 155136K, used 50198K [0x00000000a0000000, 0x00000000a9780000, 0x00000000e0000000)
  object space 155136K, 32% used [0x00000000a0000000,0x00000000a3105830,0x00000000a9780000)
 Metaspace       used 80107K, capacity 83676K, committed 83888K, reserved 1122304K
  class space    used 10563K, capacity 11313K, committed 11440K, reserved 1048576K
}

