# JRE version: OpenJDK Runtime Environment (8.0_152-b06) (build 1.8.0_152-release-1136-b06)
# Java VM: OpenJDK 64-Bit Server VM (25.152-b06 mixed mode windows-amd64 compressed oops)
Heap:
 PSYoungGen      total 92160K, used 17057K [0x00000000e0000000, 0x00000000e9900000, 0x0000000100000000)
  eden space 80896K, 7% used [0x00000000e0000000,0x00000000e05a9918,0x00000000e4f00000)
  from space 11264K, 99% used [0x00000000e4f00000,0x00000000e59fed10,0x00000000e5a00000)
  to   space 12800K, 52% used [0x00000000e8c80000,0x00000000e931c010,0x00000000e9900000)
 ParOldGen       total 432128K, used 366840K [0x00000000a0000000, 0x00000000ba600000, 0x00000000e0000000)
  object space 432128K, 84% used [0x00000000a0000000,0x00000000b663e330,0x00000000ba600000)
 Metaspace       used 34702K, capacity 35426K, committed 35496K, reserved 1079296K
  class space    used 4849K, capacity 5128K, committed 5168K, reserved 1048576K
GC Heap History (10 events):
Event: 3.030 GC heap after
Heap after GC invocations=4 (full 0):
 PSYoungGen      total 57344K, used 7415K [0x00000000e0000000, 0x00000000e7000000, 0x0000000100000000)
  eden space 49152K, 0% used [0x00000000e0000000,0x00000000e0000000,0x00000000e3000000)
  from space 8192K, 90% used [0x00000000e3800000,0x00000000e3f3dcb8,0x00000000e4000000)
  to   space 8192K, 0% used [0x00000000e3000000,0x00000000e3000000,0x00000000e3800000)
 ParOldGen       total 131072K, used 2367K [0x00000000a0000000, 0x00000000a8000000, 0x00000000e0000000)
  object space 131072K, 1% used [0x00000000a0000000,0x00000000a024fd08,0x00000000a8000000)
 Metaspace       used 20861K, capacity 21252K, committed 21296K, reserved 1067008K
  class space    used 2928K, capacity 3076K, committed 3120K, reserved 1048576K
}
Event: 3.030 GC heap before
{Heap before GC invocations=5 (full 1):
 PSYoungGen      total 57344K, used 7415K [0x00000000e0000000, 0x00000000e7000000, 0x0000000100000000)
  eden space 49152K, 0% used [0x00000000e0000000,0x00000000e0000000,0x00000000e3000000)
  from space 8192K, 90% used [0x00000000e3800000,0x00000000e3f3dcb8,0x00000000e4000000)
  to   space 8192K, 0% used [0x00000000e3000000,0x00000000e3000000,0x00000000e3800000)
 ParOldGen       total 131072K, used 2367K [0x00000000a0000000, 0x00000000a8000000, 0x00000000e0000000)
  object space 131072K, 1% used [0x00000000a0000000,0x00000000a024fd08,0x00000000a8000000)
 Metaspace       used 20861K, capacity 21252K, committed 21296K, reserved 1067008K
  class space    used 2928K, capacity 3076K, committed 3120K, reserved 1048576K
Event: 3.066 GC heap after
Heap after GC invocations=5 (full 1):
 PSYoungGen      total 57344K, used 0K [0x00000000e0000000, 0x00000000e7000000, 0x0000000100000000)
  eden space 49152K, 0% used [0x00000000e0000000,0x00000000e0000000,0x00000000e3000000)
  from space 8192K, 0% used [0x00000000e3800000,0x00000000e3800000,0x00000000e4000000)
  to   space 8192K, 0% used [0x00000000e3000000,0x00000000e3000000,0x00000000e3800000)
 ParOldGen       total 73216K, used 7254K [0x00000000a0000000, 0x00000000a4780000, 0x00000000e0000000)
  object space 73216K, 9% used [0x00000000a0000000,0x00000000a0715b30,0x00000000a4780000)
 Metaspace       used 20861K, capacity 21252K, committed 21296K, reserved 1067008K
  class space    used 2928K, capacity 3076K, committed 3120K, reserved 1048576K
}
Event: 3.544 GC heap before
{Heap before GC invocations=6 (full 1):
 PSYoungGen      total 57344K, used 49152K [0x00000000e0000000, 0x00000000e7000000, 0x0000000100000000)
  eden space 49152K, 100% used [0x00000000e0000000,0x00000000e3000000,0x00000000e3000000)
  from space 8192K, 0% used [0x00000000e3800000,0x00000000e3800000,0x00000000e4000000)
  to   space 8192K, 0% used [0x00000000e3000000,0x00000000e3000000,0x00000000e3800000)
 ParOldGen       total 73216K, used 7254K [0x00000000a0000000, 0x00000000a4780000, 0x00000000e0000000)
  object space 73216K, 9% used [0x00000000a0000000,0x00000000a0715b30,0x00000000a4780000)
 Metaspace       used 25748K, capacity 26170K, committed 26288K, reserved 1071104K
  class space    used 3507K, capacity 3662K, committed 3760K, reserved 1048576K
Event: 3.548 GC heap after
Heap after GC invocations=6 (full 1):
 PSYoungGen      total 57344K, used 5508K [0x00000000e0000000, 0x00000000e6680000, 0x0000000100000000)
  eden space 49152K, 0% used [0x00000000e0000000,0x00000000e0000000,0x00000000e3000000)
  from space 8192K, 67% used [0x00000000e3000000,0x00000000e35612a8,0x00000000e3800000)
  to   space 11264K, 0% used [0x00000000e5b80000,0x00000000e5b80000,0x00000000e6680000)
 ParOldGen       total 73216K, used 7262K [0x00000000a0000000, 0x00000000a4780000, 0x00000000e0000000)
  object space 73216K, 9% used [0x00000000a0000000,0x00000000a0717b30,0x00000000a4780000)
 Metaspace       used 25748K, capacity 26170K, committed 26288K, reserved 1071104K
  class space    used 3507K, capacity 3662K, committed 3760K, reserved 1048576K
}
Event: 3.973 GC heap before
{Heap before GC invocations=7 (full 1):
 PSYoungGen      total 57344K, used 54660K [0x00000000e0000000, 0x00000000e6680000, 0x0000000100000000)
  eden space 49152K, 100% used [0x00000000e0000000,0x00000000e3000000,0x00000000e3000000)
  from space 8192K, 67% used [0x00000000e3000000,0x00000000e35612a8,0x00000000e3800000)
  to   space 11264K, 0% used [0x00000000e5b80000,0x00000000e5b80000,0x00000000e6680000)
 ParOldGen       total 73216K, used 7262K [0x00000000a0000000, 0x00000000a4780000, 0x00000000e0000000)
  object space 73216K, 9% used [0x00000000a0000000,0x00000000a0717b30,0x00000000a4780000)
 Metaspace       used 28504K, capacity 28932K, committed 29104K, reserved 1075200K
  class space    used 3992K, capacity 4155K, committed 4272K, reserved 1048576K
Event: 3.978 GC heap after
Heap after GC invocations=7 (full 1):
 PSYoungGen      total 90624K, used 6483K [0x00000000e0000000, 0x00000000e6500000, 0x0000000100000000)
  eden space 80896K, 0% used [0x00000000e0000000,0x00000000e0000000,0x00000000e4f00000)
  from space 9728K, 66% used [0x00000000e5b80000,0x00000000e61d4f90,0x00000000e6500000)
  to   space 11264K, 0% used [0x00000000e4f00000,0x00000000e4f00000,0x00000000e5a00000)
 ParOldGen       total 73216K, used 7270K [0x00000000a0000000, 0x00000000a4780000, 0x00000000e0000000)
  object space 73216K, 9% used [0x00000000a0000000,0x00000000a0719b30,0x00000000a4780000)
 Metaspace       used 28504K, capacity 28932K, committed 29104K, reserved 1075200K
  class space    used 3992K, capacity 4155K, committed 4272K, reserved 1048576K
}
Event: 4.794 GC heap before
{Heap before GC invocations=8 (full 1):
 PSYoungGen      total 90624K, used 87379K [0x00000000e0000000, 0x00000000e6500000, 0x0000000100000000)
  eden space 80896K, 100% used [0x00000000e0000000,0x00000000e4f00000,0x00000000e4f00000)
  from space 9728K, 66% used [0x00000000e5b80000,0x00000000e61d4f90,0x00000000e6500000)
  to   space 11264K, 0% used [0x00000000e4f00000,0x00000000e4f00000,0x00000000e5a00000)
 ParOldGen       total 73216K, used 7270K [0x00000000a0000000, 0x00000000a4780000, 0x00000000e0000000)
  object space 73216K, 9% used [0x00000000a0000000,0x00000000a0719b30,0x00000000a4780000)
 Metaspace       used 33906K, capacity 34690K, committed 34736K, reserved 1079296K
  class space    used 4763K, capacity 5032K, committed 5040K, reserved 1048576K
Event: 4.804 GC heap after
Heap after GC invocations=8 (full 1):
 PSYoungGen      total 92160K, used 11259K [0x00000000e0000000, 0x00000000e9900000, 0x0000000100000000)
  eden space 80896K, 0% used [0x00000000e0000000,0x00000000e0000000,0x00000000e4f00000)
  from space 11264K, 99% used [0x00000000e4f00000,0x00000000e59fed10,0x00000000e5a00000)
  to   space 12800K, 0% used [0x00000000e8c80000,0x00000000e8c80000,0x00000000e9900000)
 ParOldGen       total 73216K, used 8311K [0x00000000a0000000, 0x00000000a4780000, 0x00000000e0000000)
  object space 73216K, 11% used [0x00000000a0000000,0x00000000a081dcf0,0x00000000a4780000)
 Metaspace       used 33906K, capacity 34690K, committed 34736K, reserved 1079296K
  class space    used 4763K, capacity 5032K, committed 5040K, reserved 1048576K
}
Event: 4.853 GC heap before
{Heap before GC invocations=9 (full 1):
 PSYoungGen      total 92160K, used 17057K [0x00000000e0000000, 0x00000000e9900000, 0x0000000100000000)
  eden space 80896K, 7% used [0x00000000e0000000,0x00000000e05a9918,0x00000000e4f00000)
  from space 11264K, 99% used [0x00000000e4f00000,0x00000000e59fed10,0x00000000e5a00000)
  to   space 12800K, 0% used [0x00000000e8c80000,0x00000000e8c80000,0x00000000e9900000)
 ParOldGen       total 73216K, used 8311K [0x00000000a0000000, 0x00000000a4780000, 0x00000000e0000000)
  object space 73216K, 11% used [0x00000000a0000000,0x00000000a081dcf0,0x00000000a4780000)
 Metaspace       used 34702K, capacity 35426K, committed 35496K, reserved 1079296K
  class space    used 4849K, capacity 5128K, committed 5168K, reserved 1048576K

